<?xml version="1.0" encoding="UTF-8"?>
<!-- Generated by org.testng.reporters.JUnitReportReporter -->
<testsuite skipped="0" hostname="LAPTOP-OA1VTOB1" name="testNGTest.FlipcartCaseStudy" tests="5" failures="0" timestamp="15 Dec 2019 04:21:51 GMT" time="15.084" errors="0">
  <testcase name="searchSeleniumBook" time="1.913" classname="testNGTest.FlipcartCaseStudy"/>
  <testcase name="deliveryInfo" time="4.561" classname="testNGTest.FlipcartCaseStudy"/>
  <testcase name="checkout" time="0.992" classname="testNGTest.FlipcartCaseStudy"/>
  <testcase name="placeOrder" time="7.029" classname="testNGTest.FlipcartCaseStudy"/>
  <testcase name="takeScreenShot" time="0.589" classname="testNGTest.FlipcartCaseStudy"/>
</testsuite> <!-- testNGTest.FlipcartCaseStudy -->
