<?xml version="1.0" encoding="UTF-8"?>
<!-- Generated by org.testng.reporters.JUnitReportReporter -->
<testsuite skipped="0" hostname="LAPTOP-OA1VTOB1" name="com.edureka.test.Login_test" tests="2" failures="0" timestamp="2019-12-19T10:01:30 EST" time="25.093" errors="0">
  <testcase name="Login" time="24.874" classname="com.edureka.test.Login_test"/>
  <testcase name="writeExcel" time="0.219" classname="com.edureka.test.Login_test"/>
</testsuite> <!-- com.edureka.test.Login_test -->
