<?xml version="1.0" encoding="UTF-8"?>
<!-- Generated by org.testng.reporters.JUnitReportReporter -->
<testsuite skipped="0" hostname="LAPTOP-OA1VTOB1" name="testNGTest.TestNG_CaseStudy" tests="5" failures="0" timestamp="14 Dec 2019 01:16:01 GMT" time="28.830" errors="0">
  <testcase name="setUp" time="13.710" classname="testNGTest.TestNG_CaseStudy"/>
  <testcase name="logOut" time="3.767" classname="testNGTest.TestNG_CaseStudy"/>
  <testcase name="signUpAgain" time="3.927" classname="testNGTest.TestNG_CaseStudy"/>
  <testcase name="login" time="3.620" classname="testNGTest.TestNG_CaseStudy"/>
  <testcase name="allCourses" time="3.806" classname="testNGTest.TestNG_CaseStudy"/>
</testsuite> <!-- testNGTest.TestNG_CaseStudy -->
